<testsuites id="" name="" tests="4" failures="0" skipped="0" errors="0" time="30.723751">
<testsuite name="integration\loginapi.spec.ts" timestamp="2025-12-23T04:10:07.601Z" hostname="firefox" tests="1" failures="0" skipped="0" time="18.885" errors="0">
<testcase name="Integration Test - Login Flow › Successfully login with valid credential with mock API" classname="integration\loginapi.spec.ts" time="18.885">
</testcase>
</testsuite>
<testsuite name="ui\login.spec.ts" timestamp="2025-12-23T04:10:07.601Z" hostname="firefox" tests="3" failures="0" skipped="0" time="76.878" errors="0">
<testcase name="login authentication › Successfully login with admin account" classname="ui\login.spec.ts" time="27.882">
</testcase>
<testcase name="login authentication › Verify error when inputing the wrong username" classname="ui\login.spec.ts" time="23.104">
</testcase>
<testcase name="login authentication › Verify error when inputing the wrong password" classname="ui\login.spec.ts" time="25.892">
</testcase>
</testsuite>
</testsuites>