<testsuites id="" name="" tests="28" failures="20" skipped="0" errors="0" time="70.757705">
<testsuite name="agents.spec.ts" timestamp="2025-12-19T07:25:12.840Z" hostname="chromium" tests="3" failures="3" skipped="0" time="23.862" errors="0">
<testcase name="Login successful into Agents" classname="agents.spec.ts" time="6.395">
<failure message="agents.spec.ts:4:5 Login successful into Agents" type="FAILURE">
<![CDATA[  [chromium] › agents.spec.ts:4:5 › Login successful into Agents ───────────────────────────────────

    Error: expect(locator).toBeVisible() failed

    Locator: getByRole('heading', { name: 'Sign In' })
    Expected: visible
    Timeout: 5000ms
    Error: element(s) not found

    Call log:
      - Expect "toBeVisible" with timeout 5000ms
      - waiting for getByRole('heading', { name: 'Sign In' })


      4 | test('Login successful into Agents', async ({ page }) => {
      5 |     await page.goto('https://dev.agentiqai.ai/auth/sign-in');
    > 6 |     await expect(page.getByRole('heading', { name: 'Sign In' })).toBeVisible();
        |                                                                  ^
      7 |     // fill the email and password
      8 |     //await expect(page.getByLabel('textbox', {name: 'Email'})).toBeVisible();
      9 |     await page.getByRole('textbox', { name: 'Email' }).fill('minhnguyen@agentiqai.ai');
        at C:\Users\MinhNguyenThanh\playwright-project\tests\agents.spec.ts:6:66

    attachment #1: screenshot (image/png) ──────────────────────────────────────────────────────────
    ..\test-results\agents-Login-successful-into-Agents-chromium\test-failed-1.png
    ────────────────────────────────────────────────────────────────────────────────────────────────

    attachment #2: video (video/webm) ──────────────────────────────────────────────────────────────
    ..\test-results\agents-Login-successful-into-Agents-chromium\video.webm
    ────────────────────────────────────────────────────────────────────────────────────────────────

    attachment #3: trace (application/zip) ─────────────────────────────────────────────────────────
    ..\test-results\agents-Login-successful-into-Agents-chromium\trace.zip
    Usage:

        npx playwright show-trace ..\test-results\agents-Login-successful-into-Agents-chromium\trace.zip

    ────────────────────────────────────────────────────────────────────────────────────────────────
]]>
</failure>
<system-out>
<![CDATA[
[[ATTACHMENT|test-results\agents-Login-successful-into-Agents-chromium\test-failed-1.png]]

[[ATTACHMENT|test-results\agents-Login-successful-into-Agents-chromium\video.webm]]

[[ATTACHMENT|test-results\agents-Login-successful-into-Agents-chromium\trace.zip]]
]]>
</system-out>
</testcase>
<testcase name="Verify Specialist, Orchestrator, and Functional options" classname="agents.spec.ts" time="11.67">
<failure message="agents.spec.ts:16:5 Verify Specialist, Orchestrator, and Functional options" type="FAILURE">
<![CDATA[  [chromium] › agents.spec.ts:16:5 › Verify Specialist, Orchestrator, and Functional options ───────

    TimeoutError: locator.click: Timeout 10000ms exceeded.
    Call log:
      - waiting for getByRole('button', { name: 'Create' })


      15 |     });
      16 | test('Verify Specialist, Orchestrator, and Functional options', async ({ page }) => {
    > 17 |     await page.getByRole('button', { name: 'Create' }).click();
         |                                                        ^
      18 |     // Verify Specialist option.
      19 |     const SpecialistOptions = page.getByRole('button', {name: 'Specialist'});
      20 |     await expect(SpecialistOptions).toBeVisible();
        at C:\Users\MinhNguyenThanh\playwright-project\tests\agents.spec.ts:17:56

    attachment #1: screenshot (image/png) ──────────────────────────────────────────────────────────
    ..\test-results\agents-Verify-Specialist-Orchestrator-and-Functional-options-chromium\test-failed-1.png
    ────────────────────────────────────────────────────────────────────────────────────────────────

    attachment #2: video (video/webm) ──────────────────────────────────────────────────────────────
    ..\test-results\agents-Verify-Specialist-Orchestrator-and-Functional-options-chromium\video.webm
    ────────────────────────────────────────────────────────────────────────────────────────────────

    attachment #3: trace (application/zip) ─────────────────────────────────────────────────────────
    ..\test-results\agents-Verify-Specialist-Orchestrator-and-Functional-options-chromium\trace.zip
    Usage:

        npx playwright show-trace ..\test-results\agents-Verify-Specialist-Orchestrator-and-Functional-options-chromium\trace.zip

    ────────────────────────────────────────────────────────────────────────────────────────────────
]]>
</failure>
<system-out>
<![CDATA[
[[ATTACHMENT|test-results\agents-Verify-Specialist-Orchestrator-and-Functional-options-chromium\test-failed-1.png]]

[[ATTACHMENT|test-results\agents-Verify-Specialist-Orchestrator-and-Functional-options-chromium\video.webm]]

[[ATTACHMENT|test-results\agents-Verify-Specialist-Orchestrator-and-Functional-options-chromium\trace.zip]]
]]>
</system-out>
</testcase>
<testcase name="successfully create functional agent" classname="agents.spec.ts" time="5.797">
<failure message="agents.spec.ts:30:5 successfully create functional agent" type="FAILURE">
<![CDATA[  [chromium] › agents.spec.ts:30:5 › successfully create functional agent ──────────────────────────

    Error: expect(locator).toBeVisible() failed

    Locator: getByText('Agent details')
    Expected: visible
    Timeout: 5000ms
    Error: element(s) not found

    Call log:
      - Expect "toBeVisible" with timeout 5000ms
      - waiting for getByText('Agent details')


      31 |     //Verify i am in Agent Details page.
      32 |     const Agentdetails = page.getByRole('textbox', {name: 'Agent details'});
    > 33 |     await expect(page.getByText('Agent details')).toBeVisible();
         |                                                   ^
      34 |     //Fill in the Agent details.
      35 |     const agentNameInput = page.getByLabel('Agent Name');
      36 |     await agentNameInput.fill('Second Functional Agent');
        at C:\Users\MinhNguyenThanh\playwright-project\tests\agents.spec.ts:33:51

    attachment #1: screenshot (image/png) ──────────────────────────────────────────────────────────
    ..\test-results\agents-successfully-create-functional-agent-chromium\test-failed-1.png
    ────────────────────────────────────────────────────────────────────────────────────────────────

    attachment #2: video (video/webm) ──────────────────────────────────────────────────────────────
    ..\test-results\agents-successfully-create-functional-agent-chromium\video.webm
    ────────────────────────────────────────────────────────────────────────────────────────────────

    attachment #3: trace (application/zip) ─────────────────────────────────────────────────────────
    ..\test-results\agents-successfully-create-functional-agent-chromium\trace.zip
    Usage:

        npx playwright show-trace ..\test-results\agents-successfully-create-functional-agent-chromium\trace.zip

    ────────────────────────────────────────────────────────────────────────────────────────────────
]]>
</failure>
<system-out>
<![CDATA[
[[ATTACHMENT|test-results\agents-successfully-create-functional-agent-chromium\test-failed-1.png]]

[[ATTACHMENT|test-results\agents-successfully-create-functional-agent-chromium\video.webm]]

[[ATTACHMENT|test-results\agents-successfully-create-functional-agent-chromium\trace.zip]]
]]>
</system-out>
</testcase>
</testsuite>
<testsuite name="example.spec.ts" timestamp="2025-12-19T07:25:12.840Z" hostname="chromium" tests="2" failures="0" skipped="0" time="2.179" errors="0">
<testcase name="has title" classname="example.spec.ts" time="1.069">
</testcase>
<testcase name="get started link" classname="example.spec.ts" time="1.11">
</testcase>
</testsuite>
<testsuite name="ui\login.spec.ts" timestamp="2025-12-19T07:25:12.840Z" hostname="chromium" tests="2" failures="2" skipped="0" time="23.708" errors="0">
<testcase name="Authentication Suite › successfully login with admin account" classname="ui\login.spec.ts" time="11.698">
<failure message="login.spec.ts:7:9 successfully login with admin account" type="FAILURE">
<![CDATA[  [chromium] › ui\login.spec.ts:7:9 › Authentication Suite › successfully login with admin account ─

    TimeoutError: page.fill: Timeout 10000ms exceeded.
    Call log:
      - waiting for locator('input[name="email"]')


      13 |
      14 |         // 2. Điền thông tin (Playwright tự động chờ field xuất hiện)
    > 15 |         await page.fill('input[name="email"]', user.email);
         |                    ^
      16 |         await page.fill('input[name="password"]', user.password);
      17 |
      18 |         // 3. Click nút Sign In
        at C:\Users\MinhNguyenThanh\playwright-project\tests\ui\login.spec.ts:15:20

    attachment #1: screenshot (image/png) ──────────────────────────────────────────────────────────
    ..\test-results\ui-login-Authentication-Su-0a515-ly-login-with-admin-account-chromium\test-failed-1.png
    ────────────────────────────────────────────────────────────────────────────────────────────────

    attachment #2: video (video/webm) ──────────────────────────────────────────────────────────────
    ..\test-results\ui-login-Authentication-Su-0a515-ly-login-with-admin-account-chromium\video.webm
    ────────────────────────────────────────────────────────────────────────────────────────────────

    attachment #3: trace (application/zip) ─────────────────────────────────────────────────────────
    ..\test-results\ui-login-Authentication-Su-0a515-ly-login-with-admin-account-chromium\trace.zip
    Usage:

        npx playwright show-trace ..\test-results\ui-login-Authentication-Su-0a515-ly-login-with-admin-account-chromium\trace.zip

    ────────────────────────────────────────────────────────────────────────────────────────────────
]]>
</failure>
<system-out>
<![CDATA[
[[ATTACHMENT|test-results\ui-login-Authentication-Su-0a515-ly-login-with-admin-account-chromium\test-failed-1.png]]

[[ATTACHMENT|test-results\ui-login-Authentication-Su-0a515-ly-login-with-admin-account-chromium\video.webm]]

[[ATTACHMENT|test-results\ui-login-Authentication-Su-0a515-ly-login-with-admin-account-chromium\trace.zip]]
]]>
</system-out>
</testcase>
<testcase name="Authentication Suite › Verify error when input the wrong password" classname="ui\login.spec.ts" time="12.01">
<failure message="login.spec.ts:35:9 Verify error when input the wrong password" type="FAILURE">
<![CDATA[  [chromium] › ui\login.spec.ts:35:9 › Authentication Suite › Verify error when input the wrong password 

    TimeoutError: page.fill: Timeout 10000ms exceeded.
    Call log:
      - waiting for locator('input[name="email"]')


      37 |         
      38 |         await page.goto(`${config.baseUrl}/auth/sign-in`);
    > 39 |         await page.fill('input[name="email"]', 'minhnguyen@gmail.com');
         |                    ^
      40 |         await page.fill('input[name="password"]', '123456789');
      41 |         await page.click('button:has-text("Sign In")');
      42 |
        at C:\Users\MinhNguyenThanh\playwright-project\tests\ui\login.spec.ts:39:20

    attachment #1: screenshot (image/png) ──────────────────────────────────────────────────────────
    ..\test-results\ui-login-Authentication-Su-99e43-en-input-the-wrong-password-chromium\test-failed-1.png
    ────────────────────────────────────────────────────────────────────────────────────────────────

    attachment #2: video (video/webm) ──────────────────────────────────────────────────────────────
    ..\test-results\ui-login-Authentication-Su-99e43-en-input-the-wrong-password-chromium\video.webm
    ────────────────────────────────────────────────────────────────────────────────────────────────

    attachment #3: trace (application/zip) ─────────────────────────────────────────────────────────
    ..\test-results\ui-login-Authentication-Su-99e43-en-input-the-wrong-password-chromium\trace.zip
    Usage:

        npx playwright show-trace ..\test-results\ui-login-Authentication-Su-99e43-en-input-the-wrong-password-chromium\trace.zip

    ────────────────────────────────────────────────────────────────────────────────────────────────
]]>
</failure>
<system-out>
<![CDATA[
[[ATTACHMENT|test-results\ui-login-Authentication-Su-99e43-en-input-the-wrong-password-chromium\test-failed-1.png]]

[[ATTACHMENT|test-results\ui-login-Authentication-Su-99e43-en-input-the-wrong-password-chromium\video.webm]]

[[ATTACHMENT|test-results\ui-login-Authentication-Su-99e43-en-input-the-wrong-password-chromium\trace.zip]]
]]>
</system-out>
</testcase>
</testsuite>
<testsuite name="agents.spec.ts" timestamp="2025-12-19T07:25:12.840Z" hostname="firefox" tests="3" failures="3" skipped="0" time="25.147" errors="0">
<testcase name="Login successful into Agents" classname="agents.spec.ts" time="7.35">
<failure message="agents.spec.ts:4:5 Login successful into Agents" type="FAILURE">
<![CDATA[  [firefox] › agents.spec.ts:4:5 › Login successful into Agents ────────────────────────────────────

    Error: expect(locator).toBeVisible() failed

    Locator: getByRole('heading', { name: 'Sign In' })
    Expected: visible
    Timeout: 5000ms
    Error: element(s) not found

    Call log:
      - Expect "toBeVisible" with timeout 5000ms
      - waiting for getByRole('heading', { name: 'Sign In' })


      4 | test('Login successful into Agents', async ({ page }) => {
      5 |     await page.goto('https://dev.agentiqai.ai/auth/sign-in');
    > 6 |     await expect(page.getByRole('heading', { name: 'Sign In' })).toBeVisible();
        |                                                                  ^
      7 |     // fill the email and password
      8 |     //await expect(page.getByLabel('textbox', {name: 'Email'})).toBeVisible();
      9 |     await page.getByRole('textbox', { name: 'Email' }).fill('minhnguyen@agentiqai.ai');
        at C:\Users\MinhNguyenThanh\playwright-project\tests\agents.spec.ts:6:66

    attachment #1: screenshot (image/png) ──────────────────────────────────────────────────────────
    ..\test-results\agents-Login-successful-into-Agents-firefox\test-failed-1.png
    ────────────────────────────────────────────────────────────────────────────────────────────────

    attachment #2: video (video/webm) ──────────────────────────────────────────────────────────────
    ..\test-results\agents-Login-successful-into-Agents-firefox\video.webm
    ────────────────────────────────────────────────────────────────────────────────────────────────

    attachment #3: trace (application/zip) ─────────────────────────────────────────────────────────
    ..\test-results\agents-Login-successful-into-Agents-firefox\trace.zip
    Usage:

        npx playwright show-trace ..\test-results\agents-Login-successful-into-Agents-firefox\trace.zip

    ────────────────────────────────────────────────────────────────────────────────────────────────
]]>
</failure>
<system-out>
<![CDATA[
[[ATTACHMENT|test-results\agents-Login-successful-into-Agents-firefox\test-failed-1.png]]

[[ATTACHMENT|test-results\agents-Login-successful-into-Agents-firefox\video.webm]]

[[ATTACHMENT|test-results\agents-Login-successful-into-Agents-firefox\trace.zip]]
]]>
</system-out>
</testcase>
<testcase name="Verify Specialist, Orchestrator, and Functional options" classname="agents.spec.ts" time="11.336">
<failure message="agents.spec.ts:16:5 Verify Specialist, Orchestrator, and Functional options" type="FAILURE">
<![CDATA[  [firefox] › agents.spec.ts:16:5 › Verify Specialist, Orchestrator, and Functional options ────────

    TimeoutError: locator.click: Timeout 10000ms exceeded.
    Call log:
      - waiting for getByRole('button', { name: 'Create' })


      15 |     });
      16 | test('Verify Specialist, Orchestrator, and Functional options', async ({ page }) => {
    > 17 |     await page.getByRole('button', { name: 'Create' }).click();
         |                                                        ^
      18 |     // Verify Specialist option.
      19 |     const SpecialistOptions = page.getByRole('button', {name: 'Specialist'});
      20 |     await expect(SpecialistOptions).toBeVisible();
        at C:\Users\MinhNguyenThanh\playwright-project\tests\agents.spec.ts:17:56

    attachment #1: screenshot (image/png) ──────────────────────────────────────────────────────────
    ..\test-results\agents-Verify-Specialist-Orchestrator-and-Functional-options-firefox\test-failed-1.png
    ────────────────────────────────────────────────────────────────────────────────────────────────

    attachment #2: video (video/webm) ──────────────────────────────────────────────────────────────
    ..\test-results\agents-Verify-Specialist-Orchestrator-and-Functional-options-firefox\video.webm
    ────────────────────────────────────────────────────────────────────────────────────────────────

    attachment #3: trace (application/zip) ─────────────────────────────────────────────────────────
    ..\test-results\agents-Verify-Specialist-Orchestrator-and-Functional-options-firefox\trace.zip
    Usage:

        npx playwright show-trace ..\test-results\agents-Verify-Specialist-Orchestrator-and-Functional-options-firefox\trace.zip

    ────────────────────────────────────────────────────────────────────────────────────────────────
]]>
</failure>
<system-out>
<![CDATA[
[[ATTACHMENT|test-results\agents-Verify-Specialist-Orchestrator-and-Functional-options-firefox\test-failed-1.png]]

[[ATTACHMENT|test-results\agents-Verify-Specialist-Orchestrator-and-Functional-options-firefox\video.webm]]

[[ATTACHMENT|test-results\agents-Verify-Specialist-Orchestrator-and-Functional-options-firefox\trace.zip]]
]]>
</system-out>
</testcase>
<testcase name="successfully create functional agent" classname="agents.spec.ts" time="6.461">
<failure message="agents.spec.ts:30:5 successfully create functional agent" type="FAILURE">
<![CDATA[  [firefox] › agents.spec.ts:30:5 › successfully create functional agent ───────────────────────────

    Error: expect(locator).toBeVisible() failed

    Locator: getByText('Agent details')
    Expected: visible
    Timeout: 5000ms
    Error: element(s) not found

    Call log:
      - Expect "toBeVisible" with timeout 5000ms
      - waiting for getByText('Agent details')


      31 |     //Verify i am in Agent Details page.
      32 |     const Agentdetails = page.getByRole('textbox', {name: 'Agent details'});
    > 33 |     await expect(page.getByText('Agent details')).toBeVisible();
         |                                                   ^
      34 |     //Fill in the Agent details.
      35 |     const agentNameInput = page.getByLabel('Agent Name');
      36 |     await agentNameInput.fill('Second Functional Agent');
        at C:\Users\MinhNguyenThanh\playwright-project\tests\agents.spec.ts:33:51

    attachment #1: screenshot (image/png) ──────────────────────────────────────────────────────────
    ..\test-results\agents-successfully-create-functional-agent-firefox\test-failed-1.png
    ────────────────────────────────────────────────────────────────────────────────────────────────

    attachment #2: video (video/webm) ──────────────────────────────────────────────────────────────
    ..\test-results\agents-successfully-create-functional-agent-firefox\video.webm
    ────────────────────────────────────────────────────────────────────────────────────────────────

    attachment #3: trace (application/zip) ─────────────────────────────────────────────────────────
    ..\test-results\agents-successfully-create-functional-agent-firefox\trace.zip
    Usage:

        npx playwright show-trace ..\test-results\agents-successfully-create-functional-agent-firefox\trace.zip

    ────────────────────────────────────────────────────────────────────────────────────────────────
]]>
</failure>
<system-out>
<![CDATA[
[[ATTACHMENT|test-results\agents-successfully-create-functional-agent-firefox\test-failed-1.png]]

[[ATTACHMENT|test-results\agents-successfully-create-functional-agent-firefox\video.webm]]

[[ATTACHMENT|test-results\agents-successfully-create-functional-agent-firefox\trace.zip]]
]]>
</system-out>
</testcase>
</testsuite>
<testsuite name="example.spec.ts" timestamp="2025-12-19T07:25:12.840Z" hostname="firefox" tests="2" failures="0" skipped="0" time="7.92" errors="0">
<testcase name="has title" classname="example.spec.ts" time="3.002">
</testcase>
<testcase name="get started link" classname="example.spec.ts" time="4.918">
</testcase>
</testsuite>
<testsuite name="ui\login.spec.ts" timestamp="2025-12-19T07:25:12.840Z" hostname="firefox" tests="2" failures="2" skipped="0" time="24.489" errors="0">
<testcase name="Authentication Suite › successfully login with admin account" classname="ui\login.spec.ts" time="11.574">
<failure message="login.spec.ts:7:9 successfully login with admin account" type="FAILURE">
<![CDATA[  [firefox] › ui\login.spec.ts:7:9 › Authentication Suite › successfully login with admin account ──

    TimeoutError: page.fill: Timeout 10000ms exceeded.
    Call log:
      - waiting for locator('input[name="email"]')


      13 |
      14 |         // 2. Điền thông tin (Playwright tự động chờ field xuất hiện)
    > 15 |         await page.fill('input[name="email"]', user.email);
         |                    ^
      16 |         await page.fill('input[name="password"]', user.password);
      17 |
      18 |         // 3. Click nút Sign In
        at C:\Users\MinhNguyenThanh\playwright-project\tests\ui\login.spec.ts:15:20

    attachment #1: screenshot (image/png) ──────────────────────────────────────────────────────────
    ..\test-results\ui-login-Authentication-Su-0a515-ly-login-with-admin-account-firefox\test-failed-1.png
    ────────────────────────────────────────────────────────────────────────────────────────────────

    attachment #2: video (video/webm) ──────────────────────────────────────────────────────────────
    ..\test-results\ui-login-Authentication-Su-0a515-ly-login-with-admin-account-firefox\video.webm
    ────────────────────────────────────────────────────────────────────────────────────────────────

    attachment #3: trace (application/zip) ─────────────────────────────────────────────────────────
    ..\test-results\ui-login-Authentication-Su-0a515-ly-login-with-admin-account-firefox\trace.zip
    Usage:

        npx playwright show-trace ..\test-results\ui-login-Authentication-Su-0a515-ly-login-with-admin-account-firefox\trace.zip

    ────────────────────────────────────────────────────────────────────────────────────────────────
]]>
</failure>
<system-out>
<![CDATA[
[[ATTACHMENT|test-results\ui-login-Authentication-Su-0a515-ly-login-with-admin-account-firefox\test-failed-1.png]]

[[ATTACHMENT|test-results\ui-login-Authentication-Su-0a515-ly-login-with-admin-account-firefox\video.webm]]

[[ATTACHMENT|test-results\ui-login-Authentication-Su-0a515-ly-login-with-admin-account-firefox\trace.zip]]
]]>
</system-out>
</testcase>
<testcase name="Authentication Suite › Verify error when input the wrong password" classname="ui\login.spec.ts" time="12.915">
<failure message="login.spec.ts:35:9 Verify error when input the wrong password" type="FAILURE">
<![CDATA[  [firefox] › ui\login.spec.ts:35:9 › Authentication Suite › Verify error when input the wrong password 

    TimeoutError: page.fill: Timeout 10000ms exceeded.
    Call log:
      - waiting for locator('input[name="email"]')


      37 |         
      38 |         await page.goto(`${config.baseUrl}/auth/sign-in`);
    > 39 |         await page.fill('input[name="email"]', 'minhnguyen@gmail.com');
         |                    ^
      40 |         await page.fill('input[name="password"]', '123456789');
      41 |         await page.click('button:has-text("Sign In")');
      42 |
        at C:\Users\MinhNguyenThanh\playwright-project\tests\ui\login.spec.ts:39:20

    attachment #1: screenshot (image/png) ──────────────────────────────────────────────────────────
    ..\test-results\ui-login-Authentication-Su-99e43-en-input-the-wrong-password-firefox\test-failed-1.png
    ────────────────────────────────────────────────────────────────────────────────────────────────

    attachment #2: video (video/webm) ──────────────────────────────────────────────────────────────
    ..\test-results\ui-login-Authentication-Su-99e43-en-input-the-wrong-password-firefox\video.webm
    ────────────────────────────────────────────────────────────────────────────────────────────────

    attachment #3: trace (application/zip) ─────────────────────────────────────────────────────────
    ..\test-results\ui-login-Authentication-Su-99e43-en-input-the-wrong-password-firefox\trace.zip
    Usage:

        npx playwright show-trace ..\test-results\ui-login-Authentication-Su-99e43-en-input-the-wrong-password-firefox\trace.zip

    ────────────────────────────────────────────────────────────────────────────────────────────────
]]>
</failure>
<system-out>
<![CDATA[
[[ATTACHMENT|test-results\ui-login-Authentication-Su-99e43-en-input-the-wrong-password-firefox\test-failed-1.png]]

[[ATTACHMENT|test-results\ui-login-Authentication-Su-99e43-en-input-the-wrong-password-firefox\video.webm]]

[[ATTACHMENT|test-results\ui-login-Authentication-Su-99e43-en-input-the-wrong-password-firefox\trace.zip]]
]]>
</system-out>
</testcase>
</testsuite>
<testsuite name="agents.spec.ts" timestamp="2025-12-19T07:25:12.840Z" hostname="webkit" tests="3" failures="3" skipped="0" time="24.466" errors="0">
<testcase name="Login successful into Agents" classname="agents.spec.ts" time="8.227">
<failure message="agents.spec.ts:4:5 Login successful into Agents" type="FAILURE">
<![CDATA[  [webkit] › agents.spec.ts:4:5 › Login successful into Agents ─────────────────────────────────────

    Error: expect(locator).toBeVisible() failed

    Locator: getByRole('link', { name: 'Agents' }).nth(2)
    Expected: visible
    Timeout: 5000ms
    Error: element(s) not found

    Call log:
      - Expect "toBeVisible" with timeout 5000ms
      - waiting for getByRole('link', { name: 'Agents' }).nth(2)


      12 |     await page.getByRole('button', { name: 'Sign in' }).click();
      13 |     // Verify then click on the create button.
    > 14 |     await expect(page.getByRole('link', { name: 'Agents' }).nth(2)).toBeVisible();
         |                                                                     ^
      15 |     });
      16 | test('Verify Specialist, Orchestrator, and Functional options', async ({ page }) => {
      17 |     await page.getByRole('button', { name: 'Create' }).click();
        at C:\Users\MinhNguyenThanh\playwright-project\tests\agents.spec.ts:14:69

    attachment #1: screenshot (image/png) ──────────────────────────────────────────────────────────
    ..\test-results\agents-Login-successful-into-Agents-webkit\test-failed-1.png
    ────────────────────────────────────────────────────────────────────────────────────────────────

    attachment #2: video (video/webm) ──────────────────────────────────────────────────────────────
    ..\test-results\agents-Login-successful-into-Agents-webkit\video.webm
    ────────────────────────────────────────────────────────────────────────────────────────────────

    Error Context: ..\test-results\agents-Login-successful-into-Agents-webkit\error-context.md

    attachment #4: trace (application/zip) ─────────────────────────────────────────────────────────
    ..\test-results\agents-Login-successful-into-Agents-webkit\trace.zip
    Usage:

        npx playwright show-trace ..\test-results\agents-Login-successful-into-Agents-webkit\trace.zip

    ────────────────────────────────────────────────────────────────────────────────────────────────
]]>
</failure>
<system-out>
<![CDATA[
[[ATTACHMENT|test-results\agents-Login-successful-into-Agents-webkit\test-failed-1.png]]

[[ATTACHMENT|test-results\agents-Login-successful-into-Agents-webkit\video.webm]]

[[ATTACHMENT|test-results\agents-Login-successful-into-Agents-webkit\error-context.md]]

[[ATTACHMENT|test-results\agents-Login-successful-into-Agents-webkit\trace.zip]]
]]>
</system-out>
</testcase>
<testcase name="Verify Specialist, Orchestrator, and Functional options" classname="agents.spec.ts" time="10.616">
<failure message="agents.spec.ts:16:5 Verify Specialist, Orchestrator, and Functional options" type="FAILURE">
<![CDATA[  [webkit] › agents.spec.ts:16:5 › Verify Specialist, Orchestrator, and Functional options ─────────

    TimeoutError: locator.click: Timeout 10000ms exceeded.
    Call log:
      - waiting for getByRole('button', { name: 'Create' })


      15 |     });
      16 | test('Verify Specialist, Orchestrator, and Functional options', async ({ page }) => {
    > 17 |     await page.getByRole('button', { name: 'Create' }).click();
         |                                                        ^
      18 |     // Verify Specialist option.
      19 |     const SpecialistOptions = page.getByRole('button', {name: 'Specialist'});
      20 |     await expect(SpecialistOptions).toBeVisible();
        at C:\Users\MinhNguyenThanh\playwright-project\tests\agents.spec.ts:17:56

    attachment #1: screenshot (image/png) ──────────────────────────────────────────────────────────
    ..\test-results\agents-Verify-Specialist-Orchestrator-and-Functional-options-webkit\test-failed-1.png
    ────────────────────────────────────────────────────────────────────────────────────────────────

    attachment #2: video (video/webm) ──────────────────────────────────────────────────────────────
    ..\test-results\agents-Verify-Specialist-Orchestrator-and-Functional-options-webkit\video.webm
    ────────────────────────────────────────────────────────────────────────────────────────────────

    attachment #3: trace (application/zip) ─────────────────────────────────────────────────────────
    ..\test-results\agents-Verify-Specialist-Orchestrator-and-Functional-options-webkit\trace.zip
    Usage:

        npx playwright show-trace ..\test-results\agents-Verify-Specialist-Orchestrator-and-Functional-options-webkit\trace.zip

    ────────────────────────────────────────────────────────────────────────────────────────────────
]]>
</failure>
<system-out>
<![CDATA[
[[ATTACHMENT|test-results\agents-Verify-Specialist-Orchestrator-and-Functional-options-webkit\test-failed-1.png]]

[[ATTACHMENT|test-results\agents-Verify-Specialist-Orchestrator-and-Functional-options-webkit\video.webm]]

[[ATTACHMENT|test-results\agents-Verify-Specialist-Orchestrator-and-Functional-options-webkit\trace.zip]]
]]>
</system-out>
</testcase>
<testcase name="successfully create functional agent" classname="agents.spec.ts" time="5.623">
<failure message="agents.spec.ts:30:5 successfully create functional agent" type="FAILURE">
<![CDATA[  [webkit] › agents.spec.ts:30:5 › successfully create functional agent ────────────────────────────

    Error: expect(locator).toBeVisible() failed

    Locator: getByText('Agent details')
    Expected: visible
    Timeout: 5000ms
    Error: element(s) not found

    Call log:
      - Expect "toBeVisible" with timeout 5000ms
      - waiting for getByText('Agent details')


      31 |     //Verify i am in Agent Details page.
      32 |     const Agentdetails = page.getByRole('textbox', {name: 'Agent details'});
    > 33 |     await expect(page.getByText('Agent details')).toBeVisible();
         |                                                   ^
      34 |     //Fill in the Agent details.
      35 |     const agentNameInput = page.getByLabel('Agent Name');
      36 |     await agentNameInput.fill('Second Functional Agent');
        at C:\Users\MinhNguyenThanh\playwright-project\tests\agents.spec.ts:33:51

    attachment #1: screenshot (image/png) ──────────────────────────────────────────────────────────
    ..\test-results\agents-successfully-create-functional-agent-webkit\test-failed-1.png
    ────────────────────────────────────────────────────────────────────────────────────────────────

    attachment #2: video (video/webm) ──────────────────────────────────────────────────────────────
    ..\test-results\agents-successfully-create-functional-agent-webkit\video.webm
    ────────────────────────────────────────────────────────────────────────────────────────────────

    attachment #3: trace (application/zip) ─────────────────────────────────────────────────────────
    ..\test-results\agents-successfully-create-functional-agent-webkit\trace.zip
    Usage:

        npx playwright show-trace ..\test-results\agents-successfully-create-functional-agent-webkit\trace.zip

    ────────────────────────────────────────────────────────────────────────────────────────────────
]]>
</failure>
<system-out>
<![CDATA[
[[ATTACHMENT|test-results\agents-successfully-create-functional-agent-webkit\test-failed-1.png]]

[[ATTACHMENT|test-results\agents-successfully-create-functional-agent-webkit\video.webm]]

[[ATTACHMENT|test-results\agents-successfully-create-functional-agent-webkit\trace.zip]]
]]>
</system-out>
</testcase>
</testsuite>
<testsuite name="example.spec.ts" timestamp="2025-12-19T07:25:12.840Z" hostname="webkit" tests="2" failures="0" skipped="0" time="3.659" errors="0">
<testcase name="has title" classname="example.spec.ts" time="1.47">
</testcase>
<testcase name="get started link" classname="example.spec.ts" time="2.189">
</testcase>
</testsuite>
<testsuite name="ui\login.spec.ts" timestamp="2025-12-19T07:25:12.840Z" hostname="webkit" tests="2" failures="2" skipped="0" time="22.506" errors="0">
<testcase name="Authentication Suite › successfully login with admin account" classname="ui\login.spec.ts" time="11.273">
<failure message="login.spec.ts:7:9 successfully login with admin account" type="FAILURE">
<![CDATA[  [webkit] › ui\login.spec.ts:7:9 › Authentication Suite › successfully login with admin account ───

    TimeoutError: page.fill: Timeout 10000ms exceeded.
    Call log:
      - waiting for locator('input[name="email"]')


      13 |
      14 |         // 2. Điền thông tin (Playwright tự động chờ field xuất hiện)
    > 15 |         await page.fill('input[name="email"]', user.email);
         |                    ^
      16 |         await page.fill('input[name="password"]', user.password);
      17 |
      18 |         // 3. Click nút Sign In
        at C:\Users\MinhNguyenThanh\playwright-project\tests\ui\login.spec.ts:15:20

    attachment #1: screenshot (image/png) ──────────────────────────────────────────────────────────
    ..\test-results\ui-login-Authentication-Su-0a515-ly-login-with-admin-account-webkit\test-failed-1.png
    ────────────────────────────────────────────────────────────────────────────────────────────────

    attachment #2: video (video/webm) ──────────────────────────────────────────────────────────────
    ..\test-results\ui-login-Authentication-Su-0a515-ly-login-with-admin-account-webkit\video.webm
    ────────────────────────────────────────────────────────────────────────────────────────────────

    attachment #3: trace (application/zip) ─────────────────────────────────────────────────────────
    ..\test-results\ui-login-Authentication-Su-0a515-ly-login-with-admin-account-webkit\trace.zip
    Usage:

        npx playwright show-trace ..\test-results\ui-login-Authentication-Su-0a515-ly-login-with-admin-account-webkit\trace.zip

    ────────────────────────────────────────────────────────────────────────────────────────────────
]]>
</failure>
<system-out>
<![CDATA[
[[ATTACHMENT|test-results\ui-login-Authentication-Su-0a515-ly-login-with-admin-account-webkit\test-failed-1.png]]

[[ATTACHMENT|test-results\ui-login-Authentication-Su-0a515-ly-login-with-admin-account-webkit\video.webm]]

[[ATTACHMENT|test-results\ui-login-Authentication-Su-0a515-ly-login-with-admin-account-webkit\trace.zip]]
]]>
</system-out>
</testcase>
<testcase name="Authentication Suite › Verify error when input the wrong password" classname="ui\login.spec.ts" time="11.233">
<failure message="login.spec.ts:35:9 Verify error when input the wrong password" type="FAILURE">
<![CDATA[  [webkit] › ui\login.spec.ts:35:9 › Authentication Suite › Verify error when input the wrong password 

    TimeoutError: page.fill: Timeout 10000ms exceeded.
    Call log:
      - waiting for locator('input[name="email"]')


      37 |         
      38 |         await page.goto(`${config.baseUrl}/auth/sign-in`);
    > 39 |         await page.fill('input[name="email"]', 'minhnguyen@gmail.com');
         |                    ^
      40 |         await page.fill('input[name="password"]', '123456789');
      41 |         await page.click('button:has-text("Sign In")');
      42 |
        at C:\Users\MinhNguyenThanh\playwright-project\tests\ui\login.spec.ts:39:20

    attachment #1: screenshot (image/png) ──────────────────────────────────────────────────────────
    ..\test-results\ui-login-Authentication-Su-99e43-en-input-the-wrong-password-webkit\test-failed-1.png
    ────────────────────────────────────────────────────────────────────────────────────────────────

    attachment #2: video (video/webm) ──────────────────────────────────────────────────────────────
    ..\test-results\ui-login-Authentication-Su-99e43-en-input-the-wrong-password-webkit\video.webm
    ────────────────────────────────────────────────────────────────────────────────────────────────

    attachment #3: trace (application/zip) ─────────────────────────────────────────────────────────
    ..\test-results\ui-login-Authentication-Su-99e43-en-input-the-wrong-password-webkit\trace.zip
    Usage:

        npx playwright show-trace ..\test-results\ui-login-Authentication-Su-99e43-en-input-the-wrong-password-webkit\trace.zip

    ────────────────────────────────────────────────────────────────────────────────────────────────
]]>
</failure>
<system-out>
<![CDATA[
[[ATTACHMENT|test-results\ui-login-Authentication-Su-99e43-en-input-the-wrong-password-webkit\test-failed-1.png]]

[[ATTACHMENT|test-results\ui-login-Authentication-Su-99e43-en-input-the-wrong-password-webkit\video.webm]]

[[ATTACHMENT|test-results\ui-login-Authentication-Su-99e43-en-input-the-wrong-password-webkit\trace.zip]]
]]>
</system-out>
</testcase>
</testsuite>
<testsuite name="agents.spec.ts" timestamp="2025-12-19T07:25:12.840Z" hostname="Mobile Chrome" tests="3" failures="3" skipped="0" time="23.8" errors="0">
<testcase name="Login successful into Agents" classname="agents.spec.ts" time="6.428">
<failure message="agents.spec.ts:4:5 Login successful into Agents" type="FAILURE">
<![CDATA[  [Mobile Chrome] › agents.spec.ts:4:5 › Login successful into Agents ──────────────────────────────

    Error: expect(locator).toBeVisible() failed

    Locator: getByRole('heading', { name: 'Sign In' })
    Expected: visible
    Timeout: 5000ms
    Error: element(s) not found

    Call log:
      - Expect "toBeVisible" with timeout 5000ms
      - waiting for getByRole('heading', { name: 'Sign In' })


      4 | test('Login successful into Agents', async ({ page }) => {
      5 |     await page.goto('https://dev.agentiqai.ai/auth/sign-in');
    > 6 |     await expect(page.getByRole('heading', { name: 'Sign In' })).toBeVisible();
        |                                                                  ^
      7 |     // fill the email and password
      8 |     //await expect(page.getByLabel('textbox', {name: 'Email'})).toBeVisible();
      9 |     await page.getByRole('textbox', { name: 'Email' }).fill('minhnguyen@agentiqai.ai');
        at C:\Users\MinhNguyenThanh\playwright-project\tests\agents.spec.ts:6:66

    attachment #1: screenshot (image/png) ──────────────────────────────────────────────────────────
    ..\test-results\agents-Login-successful-into-Agents-Mobile-Chrome\test-failed-1.png
    ────────────────────────────────────────────────────────────────────────────────────────────────

    attachment #2: video (video/webm) ──────────────────────────────────────────────────────────────
    ..\test-results\agents-Login-successful-into-Agents-Mobile-Chrome\video.webm
    ────────────────────────────────────────────────────────────────────────────────────────────────

    attachment #3: trace (application/zip) ─────────────────────────────────────────────────────────
    ..\test-results\agents-Login-successful-into-Agents-Mobile-Chrome\trace.zip
    Usage:

        npx playwright show-trace ..\test-results\agents-Login-successful-into-Agents-Mobile-Chrome\trace.zip

    ────────────────────────────────────────────────────────────────────────────────────────────────
]]>
</failure>
<system-out>
<![CDATA[
[[ATTACHMENT|test-results\agents-Login-successful-into-Agents-Mobile-Chrome\test-failed-1.png]]

[[ATTACHMENT|test-results\agents-Login-successful-into-Agents-Mobile-Chrome\video.webm]]

[[ATTACHMENT|test-results\agents-Login-successful-into-Agents-Mobile-Chrome\trace.zip]]
]]>
</system-out>
</testcase>
<testcase name="Verify Specialist, Orchestrator, and Functional options" classname="agents.spec.ts" time="11.354">
<failure message="agents.spec.ts:16:5 Verify Specialist, Orchestrator, and Functional options" type="FAILURE">
<![CDATA[  [Mobile Chrome] › agents.spec.ts:16:5 › Verify Specialist, Orchestrator, and Functional options ──

    TimeoutError: locator.click: Timeout 10000ms exceeded.
    Call log:
      - waiting for getByRole('button', { name: 'Create' })


      15 |     });
      16 | test('Verify Specialist, Orchestrator, and Functional options', async ({ page }) => {
    > 17 |     await page.getByRole('button', { name: 'Create' }).click();
         |                                                        ^
      18 |     // Verify Specialist option.
      19 |     const SpecialistOptions = page.getByRole('button', {name: 'Specialist'});
      20 |     await expect(SpecialistOptions).toBeVisible();
        at C:\Users\MinhNguyenThanh\playwright-project\tests\agents.spec.ts:17:56

    attachment #1: screenshot (image/png) ──────────────────────────────────────────────────────────
    ..\test-results\agents-Verify-Specialist-Orchestrator-and-Functional-options-Mobile-Chrome\test-failed-1.png
    ────────────────────────────────────────────────────────────────────────────────────────────────

    attachment #2: video (video/webm) ──────────────────────────────────────────────────────────────
    ..\test-results\agents-Verify-Specialist-Orchestrator-and-Functional-options-Mobile-Chrome\video.webm
    ────────────────────────────────────────────────────────────────────────────────────────────────

    attachment #3: trace (application/zip) ─────────────────────────────────────────────────────────
    ..\test-results\agents-Verify-Specialist-Orchestrator-and-Functional-options-Mobile-Chrome\trace.zip
    Usage:

        npx playwright show-trace ..\test-results\agents-Verify-Specialist-Orchestrator-and-Functional-options-Mobile-Chrome\trace.zip

    ────────────────────────────────────────────────────────────────────────────────────────────────
]]>
</failure>
<system-out>
<![CDATA[
[[ATTACHMENT|test-results\agents-Verify-Specialist-Orchestrator-and-Functional-options-Mobile-Chrome\test-failed-1.png]]

[[ATTACHMENT|test-results\agents-Verify-Specialist-Orchestrator-and-Functional-options-Mobile-Chrome\video.webm]]

[[ATTACHMENT|test-results\agents-Verify-Specialist-Orchestrator-and-Functional-options-Mobile-Chrome\trace.zip]]
]]>
</system-out>
</testcase>
<testcase name="successfully create functional agent" classname="agents.spec.ts" time="6.018">
<failure message="agents.spec.ts:30:5 successfully create functional agent" type="FAILURE">
<![CDATA[  [Mobile Chrome] › agents.spec.ts:30:5 › successfully create functional agent ─────────────────────

    Error: expect(locator).toBeVisible() failed

    Locator: getByText('Agent details')
    Expected: visible
    Timeout: 5000ms
    Error: element(s) not found

    Call log:
      - Expect "toBeVisible" with timeout 5000ms
      - waiting for getByText('Agent details')


      31 |     //Verify i am in Agent Details page.
      32 |     const Agentdetails = page.getByRole('textbox', {name: 'Agent details'});
    > 33 |     await expect(page.getByText('Agent details')).toBeVisible();
         |                                                   ^
      34 |     //Fill in the Agent details.
      35 |     const agentNameInput = page.getByLabel('Agent Name');
      36 |     await agentNameInput.fill('Second Functional Agent');
        at C:\Users\MinhNguyenThanh\playwright-project\tests\agents.spec.ts:33:51

    attachment #1: screenshot (image/png) ──────────────────────────────────────────────────────────
    ..\test-results\agents-successfully-create-functional-agent-Mobile-Chrome\test-failed-1.png
    ────────────────────────────────────────────────────────────────────────────────────────────────

    attachment #2: video (video/webm) ──────────────────────────────────────────────────────────────
    ..\test-results\agents-successfully-create-functional-agent-Mobile-Chrome\video.webm
    ────────────────────────────────────────────────────────────────────────────────────────────────

    attachment #3: trace (application/zip) ─────────────────────────────────────────────────────────
    ..\test-results\agents-successfully-create-functional-agent-Mobile-Chrome\trace.zip
    Usage:

        npx playwright show-trace ..\test-results\agents-successfully-create-functional-agent-Mobile-Chrome\trace.zip

    ────────────────────────────────────────────────────────────────────────────────────────────────
]]>
</failure>
<system-out>
<![CDATA[
[[ATTACHMENT|test-results\agents-successfully-create-functional-agent-Mobile-Chrome\test-failed-1.png]]

[[ATTACHMENT|test-results\agents-successfully-create-functional-agent-Mobile-Chrome\video.webm]]

[[ATTACHMENT|test-results\agents-successfully-create-functional-agent-Mobile-Chrome\trace.zip]]
]]>
</system-out>
</testcase>
</testsuite>
<testsuite name="example.spec.ts" timestamp="2025-12-19T07:25:12.840Z" hostname="Mobile Chrome" tests="2" failures="0" skipped="0" time="2.468" errors="0">
<testcase name="has title" classname="example.spec.ts" time="1.029">
</testcase>
<testcase name="get started link" classname="example.spec.ts" time="1.439">
</testcase>
</testsuite>
<testsuite name="ui\login.spec.ts" timestamp="2025-12-19T07:25:12.840Z" hostname="Mobile Chrome" tests="2" failures="2" skipped="0" time="22.839" errors="0">
<testcase name="Authentication Suite › successfully login with admin account" classname="ui\login.spec.ts" time="11.41">
<failure message="login.spec.ts:7:9 successfully login with admin account" type="FAILURE">
<![CDATA[  [Mobile Chrome] › ui\login.spec.ts:7:9 › Authentication Suite › successfully login with admin account 

    TimeoutError: page.fill: Timeout 10000ms exceeded.
    Call log:
      - waiting for locator('input[name="email"]')


      13 |
      14 |         // 2. Điền thông tin (Playwright tự động chờ field xuất hiện)
    > 15 |         await page.fill('input[name="email"]', user.email);
         |                    ^
      16 |         await page.fill('input[name="password"]', user.password);
      17 |
      18 |         // 3. Click nút Sign In
        at C:\Users\MinhNguyenThanh\playwright-project\tests\ui\login.spec.ts:15:20

    attachment #1: screenshot (image/png) ──────────────────────────────────────────────────────────
    ..\test-results\ui-login-Authentication-Su-0a515-ly-login-with-admin-account-Mobile-Chrome\test-failed-1.png
    ────────────────────────────────────────────────────────────────────────────────────────────────

    attachment #2: video (video/webm) ──────────────────────────────────────────────────────────────
    ..\test-results\ui-login-Authentication-Su-0a515-ly-login-with-admin-account-Mobile-Chrome\video.webm
    ────────────────────────────────────────────────────────────────────────────────────────────────

    attachment #3: trace (application/zip) ─────────────────────────────────────────────────────────
    ..\test-results\ui-login-Authentication-Su-0a515-ly-login-with-admin-account-Mobile-Chrome\trace.zip
    Usage:

        npx playwright show-trace ..\test-results\ui-login-Authentication-Su-0a515-ly-login-with-admin-account-Mobile-Chrome\trace.zip

    ────────────────────────────────────────────────────────────────────────────────────────────────
]]>
</failure>
<system-out>
<![CDATA[
[[ATTACHMENT|test-results\ui-login-Authentication-Su-0a515-ly-login-with-admin-account-Mobile-Chrome\test-failed-1.png]]

[[ATTACHMENT|test-results\ui-login-Authentication-Su-0a515-ly-login-with-admin-account-Mobile-Chrome\video.webm]]

[[ATTACHMENT|test-results\ui-login-Authentication-Su-0a515-ly-login-with-admin-account-Mobile-Chrome\trace.zip]]
]]>
</system-out>
</testcase>
<testcase name="Authentication Suite › Verify error when input the wrong password" classname="ui\login.spec.ts" time="11.429">
<failure message="login.spec.ts:35:9 Verify error when input the wrong password" type="FAILURE">
<![CDATA[  [Mobile Chrome] › ui\login.spec.ts:35:9 › Authentication Suite › Verify error when input the wrong password 

    TimeoutError: page.fill: Timeout 10000ms exceeded.
    Call log:
      - waiting for locator('input[name="email"]')


      37 |         
      38 |         await page.goto(`${config.baseUrl}/auth/sign-in`);
    > 39 |         await page.fill('input[name="email"]', 'minhnguyen@gmail.com');
         |                    ^
      40 |         await page.fill('input[name="password"]', '123456789');
      41 |         await page.click('button:has-text("Sign In")');
      42 |
        at C:\Users\MinhNguyenThanh\playwright-project\tests\ui\login.spec.ts:39:20

    attachment #1: screenshot (image/png) ──────────────────────────────────────────────────────────
    ..\test-results\ui-login-Authentication-Su-99e43-en-input-the-wrong-password-Mobile-Chrome\test-failed-1.png
    ────────────────────────────────────────────────────────────────────────────────────────────────

    attachment #2: video (video/webm) ──────────────────────────────────────────────────────────────
    ..\test-results\ui-login-Authentication-Su-99e43-en-input-the-wrong-password-Mobile-Chrome\video.webm
    ────────────────────────────────────────────────────────────────────────────────────────────────

    attachment #3: trace (application/zip) ─────────────────────────────────────────────────────────
    ..\test-results\ui-login-Authentication-Su-99e43-en-input-the-wrong-password-Mobile-Chrome\trace.zip
    Usage:

        npx playwright show-trace ..\test-results\ui-login-Authentication-Su-99e43-en-input-the-wrong-password-Mobile-Chrome\trace.zip

    ────────────────────────────────────────────────────────────────────────────────────────────────
]]>
</failure>
<system-out>
<![CDATA[
[[ATTACHMENT|test-results\ui-login-Authentication-Su-99e43-en-input-the-wrong-password-Mobile-Chrome\test-failed-1.png]]

[[ATTACHMENT|test-results\ui-login-Authentication-Su-99e43-en-input-the-wrong-password-Mobile-Chrome\video.webm]]

[[ATTACHMENT|test-results\ui-login-Authentication-Su-99e43-en-input-the-wrong-password-Mobile-Chrome\trace.zip]]
]]>
</system-out>
</testcase>
</testsuite>
</testsuites>